<?xml version="1.0" encoding="UTF-8"?>
<!-- Generated by org.testng.reporters.JUnitXMLReporter -->
<testsuite hostname="DESKTOP-5LMBOJS" failures="0" tests="5" name="Default test" time="0.059" errors="0" timestamp="4 Apr 2021 17:24:41 GMT">
  <testcase classname="googletests.Verify_RetriveGooglePageTop10ResultsAndStoreInFileandDisplay" name="@BeforeClass init" time="0.0">
    <failure type="org.testng.TestNGException" message="
Parameter &amp;apos;browserName&amp;apos; is required by @Configuration on method init but has not been marked @Optional or defined
in C:\Users\KumarHalijol\AppData\Local\Temp\testng-eclipse--474841066\testng-customsuite.xml">
      <![CDATA[org.testng.TestNGException: 
Parameter 'browserName' is required by @Configuration on method init but has not been marked @Optional or defined
in C:\Users\KumarHalijol\AppData\Local\Temp\testng-eclipse--474841066\testng-customsuite.xml
	at org.testng.internal.Parameters.createParameters(Parameters.java:148)
	at org.testng.internal.Parameters.createParameters(Parameters.java:361)
	at org.testng.internal.Parameters.createConfigurationParameters(Parameters.java:84)
	at org.testng.internal.Invoker.invokeConfigurations(Invoker.java:197)
	at org.testng.internal.Invoker.invokeConfigurations(Invoker.java:138)
	at org.testng.internal.TestMethodWorker.invokeBeforeClassMethods(TestMethodWorker.java:170)
	at org.testng.internal.TestMethodWorker.run(TestMethodWorker.java:104)
	at org.testng.TestRunner.privateRun(TestRunner.java:773)
	at org.testng.TestRunner.run(TestRunner.java:623)
	at org.testng.SuiteRunner.runTest(SuiteRunner.java:357)
	at org.testng.SuiteRunner.runSequentially(SuiteRunner.java:352)
	at org.testng.SuiteRunner.privateRun(SuiteRunner.java:310)
	at org.testng.SuiteRunner.run(SuiteRunner.java:259)
	at org.testng.SuiteRunnerWorker.runSuite(SuiteRunnerWorker.java:52)
	at org.testng.SuiteRunnerWorker.run(SuiteRunnerWorker.java:86)
	at org.testng.TestNG.runSuitesSequentially(TestNG.java:1185)
	at org.testng.TestNG.runSuitesLocally(TestNG.java:1110)
	at org.testng.TestNG.run(TestNG.java:1018)
	at org.testng.remote.AbstractRemoteTestNG.run(AbstractRemoteTestNG.java:115)
	at org.testng.remote.RemoteTestNG.initAndRun(RemoteTestNG.java:251)
	at org.testng.remote.RemoteTestNG.main(RemoteTestNG.java:77)
]]>
    </failure>
  </testcase> <!-- @BeforeClass init -->
  <testcase classname="googletests.Verify_RetriveGooglePageTop10ResultsAndStoreInFileandDisplay" name="@AfterClass tearDown" time="0.0">
    <skipped/>
  </testcase> <!-- @AfterClass tearDown -->
  <testcase classname="googletests.Verify_RetriveGooglePageTop10ResultsAndStoreInFileandDisplay" name="testToverifyGoogleForTop10Results" time="0.006">
    <skipped/>
  </testcase> <!-- testToverifyGoogleForTop10Results -->
  <testcase classname="googletests.Verify_RetriveGooglePageTop10ResultsAndStoreInFileandDisplay" name="testToverifyGoogleForTop10Results" time="0.002">
    <skipped/>
  </testcase> <!-- testToverifyGoogleForTop10Results -->
  <testcase classname="googletests.Verify_RetriveGooglePageTop10ResultsAndStoreInFileandDisplay" name="testToverifyGoogleForTop10Results" time="0.004">
    <skipped/>
  </testcase> <!-- testToverifyGoogleForTop10Results -->
  <testcase classname="googletests.Verify_RetriveGooglePageTop10ResultsAndStoreInFileandDisplay" name="testToverifyGoogleForTop10Results" time="0.001">
    <skipped/>
  </testcase> <!-- testToverifyGoogleForTop10Results -->
  <testcase classname="googletests.Verify_RetriveGooglePageTop10ResultsAndStoreInFileandDisplay" name="testToverifyGoogleForTop10Results" time="0.002">
    <skipped/>
  </testcase> <!-- testToverifyGoogleForTop10Results -->
</testsuite> <!-- Default test -->
