<?xml version="1.0" encoding="UTF-8"?>
<!-- Generated by org.testng.reporters.JUnitXMLReporter -->
<testsuite hostname="DESKTOP-5LMBOJS" failures="2" tests="4" name="Test" time="7.327" errors="0" timestamp="4 Apr 2021 16:37:28 GMT">
  <testcase classname="googletests.Tc1" name="Ytest1" time="1.845"/>
  <testcase classname="googletests.Tc1" name="Ytest2" time="1.427"/>
  <testcase classname="googletests.Tc2" name="Ytest3" time="0.001">
    <failure type="java.lang.NullPointerException">
      <![CDATA[java.lang.NullPointerException
	at com.google.common.base.Preconditions.checkNotNull(Preconditions.java:787)
	at org.openqa.selenium.support.ui.FluentWait.<init>(FluentWait.java:96)
	at org.openqa.selenium.support.ui.WebDriverWait.<init>(WebDriverWait.java:72)
	at org.openqa.selenium.support.ui.WebDriverWait.<init>(WebDriverWait.java:46)
	at com.assessment.core.pageObjects.GooglePage.googlePagePerformSearchAction(GooglePage.java:47)
	at googletests.Tc2.Ytest3(Tc2.java:14)
... Removed 24 stack frames]]>
    </failure>
  </testcase> <!-- Ytest3 -->
  <testcase classname="googletests.Tc2" name="Ytest4" time="0.002">
    <failure type="java.lang.NullPointerException">
      <![CDATA[java.lang.NullPointerException
	at com.google.common.base.Preconditions.checkNotNull(Preconditions.java:787)
	at org.openqa.selenium.support.ui.FluentWait.<init>(FluentWait.java:96)
	at org.openqa.selenium.support.ui.WebDriverWait.<init>(WebDriverWait.java:72)
	at org.openqa.selenium.support.ui.WebDriverWait.<init>(WebDriverWait.java:46)
	at com.assessment.core.pageObjects.GooglePage.googlePagePerformSearchAction(GooglePage.java:47)
	at googletests.Tc2.Ytest4(Tc2.java:21)
... Removed 24 stack frames]]>
    </failure>
  </testcase> <!-- Ytest4 -->
</testsuite> <!-- Test -->
